[2012-07-03 08:43:59] request.ERROR: Symfony\Component\HttpKernel\Exception\NotFoundHttpException: No route found for "GET /" (uncaught exception) at /home/pushparaj/projects/symfony2/vendor/symfony/src/Symfony/Bundle/FrameworkBundle/EventListener/RouterListener.php line 83 [] []
[2012-07-03 08:44:54] request.ERROR: Symfony\Component\HttpKernel\Exception\NotFoundHttpException: No route found for "GET /" (uncaught exception) at /home/pushparaj/projects/symfony2/vendor/symfony/src/Symfony/Bundle/FrameworkBundle/EventListener/RouterListener.php line 83 [] []
[2012-07-03 08:44:56] request.ERROR: Symfony\Component\HttpKernel\Exception\NotFoundHttpException: No route found for "GET /" (uncaught exception) at /home/pushparaj/projects/symfony2/app/cache/prod/classes.php line 4584 [] []
[2012-07-03 08:44:58] request.ERROR: Symfony\Component\HttpKernel\Exception\NotFoundHttpException: No route found for "GET /" (uncaught exception) at /home/pushparaj/projects/symfony2/app/cache/prod/classes.php line 4584 [] []
[2012-07-03 08:45:42] request.ERROR: Symfony\Component\HttpKernel\Exception\NotFoundHttpException: No route found for "GET /" (uncaught exception) at /home/pushparaj/projects/symfony2/app/cache/prod/classes.php line 4584 [] []
[2012-07-03 08:45:43] request.ERROR: Symfony\Component\HttpKernel\Exception\NotFoundHttpException: No route found for "GET /" (uncaught exception) at /home/pushparaj/projects/symfony2/app/cache/prod/classes.php line 4584 [] []
[2012-07-03 08:45:43] request.ERROR: Symfony\Component\HttpKernel\Exception\NotFoundHttpException: No route found for "GET /" (uncaught exception) at /home/pushparaj/projects/symfony2/app/cache/prod/classes.php line 4584 [] []
[2012-07-03 08:45:44] request.ERROR: Symfony\Component\HttpKernel\Exception\NotFoundHttpException: No route found for "GET /" (uncaught exception) at /home/pushparaj/projects/symfony2/app/cache/prod/classes.php line 4584 [] []
[2012-07-03 08:45:44] request.ERROR: Symfony\Component\HttpKernel\Exception\NotFoundHttpException: No route found for "GET /" (uncaught exception) at /home/pushparaj/projects/symfony2/app/cache/prod/classes.php line 4584 [] []
[2012-07-03 08:45:45] request.ERROR: Symfony\Component\HttpKernel\Exception\NotFoundHttpException: No route found for "GET /" (uncaught exception) at /home/pushparaj/projects/symfony2/app/cache/prod/classes.php line 4584 [] []
[2012-07-03 08:45:45] request.ERROR: Symfony\Component\HttpKernel\Exception\NotFoundHttpException: No route found for "GET /" (uncaught exception) at /home/pushparaj/projects/symfony2/app/cache/prod/classes.php line 4584 [] []
[2012-07-03 08:45:46] request.ERROR: Symfony\Component\HttpKernel\Exception\NotFoundHttpException: No route found for "GET /" (uncaught exception) at /home/pushparaj/projects/symfony2/app/cache/prod/classes.php line 4584 [] []
[2012-07-03 08:46:07] request.ERROR: Symfony\Component\HttpKernel\Exception\NotFoundHttpException: No route found for "GET /" (uncaught exception) at /home/pushparaj/projects/symfony2/app/cache/prod/classes.php line 4584 [] []
[2012-07-03 08:52:40] request.ERROR: Symfony\Component\HttpKernel\Exception\NotFoundHttpException: No route found for "GET /" (uncaught exception) at /home/pushparaj/projects/symfony2/app/cache/prod/classes.php line 4584 [] []
[2012-07-03 08:53:52] request.ERROR: Symfony\Component\HttpKernel\Exception\NotFoundHttpException: No route found for "GET /" (uncaught exception) at /home/pushparaj/projects/symfony2/app/cache/prod/classes.php line 4584 [] []
[2012-07-03 08:53:53] request.ERROR: Symfony\Component\HttpKernel\Exception\NotFoundHttpException: No route found for "GET /" (uncaught exception) at /home/pushparaj/projects/symfony2/app/cache/prod/classes.php line 4584 [] []
[2012-07-03 08:54:00] request.ERROR: Symfony\Component\HttpKernel\Exception\NotFoundHttpException: No route found for "GET /" (uncaught exception) at /home/pushparaj/projects/symfony2/app/cache/prod/classes.php line 4584 [] []
[2012-07-03 08:54:01] request.ERROR: Symfony\Component\HttpKernel\Exception\NotFoundHttpException: No route found for "GET /" (uncaught exception) at /home/pushparaj/projects/symfony2/app/cache/prod/classes.php line 4584 [] []
[2012-07-03 08:54:02] request.ERROR: Symfony\Component\HttpKernel\Exception\NotFoundHttpException: No route found for "GET /" (uncaught exception) at /home/pushparaj/projects/symfony2/app/cache/prod/classes.php line 4584 [] []
[2012-07-03 08:54:03] request.ERROR: Symfony\Component\HttpKernel\Exception\NotFoundHttpException: No route found for "GET /" (uncaught exception) at /home/pushparaj/projects/symfony2/app/cache/prod/classes.php line 4584 [] []
[2012-07-03 08:54:04] request.ERROR: Symfony\Component\HttpKernel\Exception\NotFoundHttpException: No route found for "GET /" (uncaught exception) at /home/pushparaj/projects/symfony2/app/cache/prod/classes.php line 4584 [] []
[2012-07-03 08:54:04] request.ERROR: Symfony\Component\HttpKernel\Exception\NotFoundHttpException: No route found for "GET /" (uncaught exception) at /home/pushparaj/projects/symfony2/app/cache/prod/classes.php line 4584 [] []
[2012-07-03 08:54:04] request.ERROR: Symfony\Component\HttpKernel\Exception\NotFoundHttpException: No route found for "GET /" (uncaught exception) at /home/pushparaj/projects/symfony2/app/cache/prod/classes.php line 4584 [] []
[2012-07-11 09:24:24] request.ERROR: Symfony\Component\HttpKernel\Exception\NotFoundHttpException: No route found for "GET /" (uncaught exception) at /home/pushparaj/projects/symfony2/app/cache/prod/classes.php line 4584 [] []
[2012-07-26 08:28:55] request.ERROR: Symfony\Component\HttpKernel\Exception\NotFoundHttpException: No route found for "GET /" (uncaught exception) at /home/pushparaj/projects/symfony2/vendor/symfony/src/Symfony/Bundle/FrameworkBundle/EventListener/RouterListener.php line 83 [] []
[2012-07-30 08:47:03] request.ERROR: Symfony\Component\HttpKernel\Exception\NotFoundHttpException: No route found for "GET /" (uncaught exception) at /home/pushparaj/projects/symfony2/app/cache/prod/classes.php line 4584 [] []
[2012-08-31 10:17:40] request.ERROR: Symfony\Component\HttpKernel\Exception\NotFoundHttpException: No route found for "GET /bundles/acmestore/css/demo.css" (uncaught exception) at /home/pushparaj/projects/symfony2/app/cache/prod/classes.php line 4584 [] []
[2012-09-12 15:41:37] request.ERROR: Symfony\Component\HttpKernel\Exception\NotFoundHttpException: No route found for "GET /bundles/acmestore/css/demo.css" (uncaught exception) at /home/pushparaj/projects/symfony2/app/cache/prod/classes.php line 4584 [] []
[2012-09-13 09:02:20] request.ERROR: Symfony\Component\HttpKernel\Exception\NotFoundHttpException: No route found for "GET /bundles/acmestore/css/demo.css" (uncaught exception) at /home/pushparaj/projects/symfony2/app/cache/prod/classes.php line 4584 [] []
[2012-09-13 10:20:25] request.ERROR: Symfony\Component\HttpKernel\Exception\NotFoundHttpException: No route found for "GET /bundles/acmestore/css/store.css" (uncaught exception) at /home/pushparaj/projects/symfony2/app/cache/prod/classes.php line 4584 [] []
[2012-09-13 10:20:25] request.ERROR: Symfony\Component\HttpKernel\Exception\NotFoundHttpException: No route found for "GET /bundles/acmestore/images/logo.gif" (uncaught exception) at /home/pushparaj/projects/symfony2/app/cache/prod/classes.php line 4584 [] []
[2012-09-13 10:21:49] request.ERROR: Symfony\Component\HttpKernel\Exception\NotFoundHttpException: No route found for "GET /bundles/acmestore/css/store.css" (uncaught exception) at /home/pushparaj/projects/symfony2/app/cache/prod/classes.php line 4584 [] []
[2012-09-13 10:21:49] request.ERROR: Symfony\Component\HttpKernel\Exception\NotFoundHttpException: No route found for "GET /bundles/acmestore/images/logo.gif" (uncaught exception) at /home/pushparaj/projects/symfony2/app/cache/prod/classes.php line 4584 [] []
[2012-09-13 10:45:35] request.ERROR: Symfony\Component\HttpKernel\Exception\NotFoundHttpException: No route found for "GET /bundles/acmestore/css/store.css" (uncaught exception) at /home/pushparaj/projects/symfony2/app/cache/prod/classes.php line 4584 [] []
[2012-09-13 10:45:35] request.ERROR: Symfony\Component\HttpKernel\Exception\NotFoundHttpException: No route found for "GET /bundles/acmeStore/images/logo.gif" (uncaught exception) at /home/pushparaj/projects/symfony2/app/cache/prod/classes.php line 4584 [] []
[2012-09-13 10:45:49] request.ERROR: Symfony\Component\HttpKernel\Exception\NotFoundHttpException: No route found for "GET /bundles/acmestore/css/store.css" (uncaught exception) at /home/pushparaj/projects/symfony2/app/cache/prod/classes.php line 4584 [] []
[2012-09-13 10:47:01] request.ERROR: Symfony\Component\HttpKernel\Exception\NotFoundHttpException: No route found for "GET /bundles/acmestore/css/demo.css" (uncaught exception) at /home/pushparaj/projects/symfony2/app/cache/prod/classes.php line 4584 [] []
[2012-09-14 10:24:37] request.ERROR: Symfony\Component\HttpKernel\Exception\NotFoundHttpException: No route found for "GET /bundles/acmestore/css/demo.css" (uncaught exception) at /home/pushparaj/projects/symfony2/app/cache/prod/classes.php line 4584 [] []
[2012-09-14 10:47:47] request.ERROR: Symfony\Component\HttpKernel\Exception\NotFoundHttpException: No route found for "GET /bundles/acmestore/css/demo.css" (uncaught exception) at /home/pushparaj/projects/symfony2/app/cache/prod/classes.php line 4584 [] []
[2012-09-14 11:44:28] request.ERROR: Symfony\Component\HttpKernel\Exception\NotFoundHttpException: No route found for "GET /bundles/acmestore/css/demo.css" (uncaught exception) at /home/pushparaj/projects/symfony2/app/cache/prod/classes.php line 4584 [] []
[2012-09-14 11:44:47] request.ERROR: Symfony\Component\HttpKernel\Exception\NotFoundHttpException: No route found for "GET /bundles/acmestore/css/demo.css" (uncaught exception) at /home/pushparaj/projects/symfony2/app/cache/prod/classes.php line 4584 [] []
[2012-09-14 11:44:49] request.ERROR: Symfony\Component\HttpKernel\Exception\NotFoundHttpException: No route found for "GET /bundles/acmestore/css/demo.css" (uncaught exception) at /home/pushparaj/projects/symfony2/app/cache/prod/classes.php line 4584 [] []
[2012-09-14 11:45:07] request.ERROR: Symfony\Component\HttpKernel\Exception\NotFoundHttpException: No route found for "GET /bundles/acmestore/css/demo.css" (uncaught exception) at /home/pushparaj/projects/symfony2/app/cache/prod/classes.php line 4584 [] []
[2012-09-14 11:45:28] request.ERROR: Symfony\Component\HttpKernel\Exception\NotFoundHttpException: No route found for "GET /bundles/acmestore/css/demo.css" (uncaught exception) at /home/pushparaj/projects/symfony2/app/cache/prod/classes.php line 4584 [] []
[2012-09-14 11:45:54] request.ERROR: Symfony\Component\HttpKernel\Exception\NotFoundHttpException: No route found for "GET /bundles/acmestore/css/demo.css" (uncaught exception) at /home/pushparaj/projects/symfony2/app/cache/prod/classes.php line 4584 [] []
[2012-09-14 11:50:49] request.ERROR: Symfony\Component\HttpKernel\Exception\NotFoundHttpException: No route found for "GET /bundles/acmestore/css/demo.css" (uncaught exception) at /home/pushparaj/projects/symfony2/app/cache/prod/classes.php line 4584 [] []
[2012-09-14 11:51:09] request.ERROR: Symfony\Component\HttpKernel\Exception\NotFoundHttpException: No route found for "GET /bundles/acmestore/css/demo.css" (uncaught exception) at /home/pushparaj/projects/symfony2/app/cache/prod/classes.php line 4584 [] []
[2012-09-14 11:51:34] request.ERROR: Symfony\Component\HttpKernel\Exception\NotFoundHttpException: No route found for "GET /bundles/acmestore/css/demo.css" (uncaught exception) at /home/pushparaj/projects/symfony2/app/cache/prod/classes.php line 4584 [] []
[2012-09-14 11:51:55] request.ERROR: Symfony\Component\HttpKernel\Exception\NotFoundHttpException: No route found for "GET /bundles/acmestore/css/demo.css" (uncaught exception) at /home/pushparaj/projects/symfony2/app/cache/prod/classes.php line 4584 [] []
[2012-09-14 12:24:29] request.ERROR: Symfony\Component\HttpKernel\Exception\NotFoundHttpException: No route found for "GET /bundles/acmestore/css/demo.css" (uncaught exception) at /home/pushparaj/projects/symfony2/app/cache/prod/classes.php line 4584 [] []
[2012-09-14 12:24:54] request.ERROR: Symfony\Component\HttpKernel\Exception\NotFoundHttpException: No route found for "GET /bundles/acmestore/css/demo.css" (uncaught exception) at /home/pushparaj/projects/symfony2/app/cache/prod/classes.php line 4584 [] []
[2012-09-14 15:21:59] request.ERROR: Symfony\Component\HttpKernel\Exception\NotFoundHttpException: No route found for "GET /bundles/acmestore/css/demo.css" (uncaught exception) at /home/pushparaj/projects/symfony2/app/cache/prod/classes.php line 4584 [] []
